[info] Log at : 2025/7/24|11:24:28|GMT+0800

[info] Log at : 2025/7/24|11:24:31|GMT+0800

[info] Log at : 2025/7/24|11:25:21|GMT+0800

[info] Log at : 2025/7/24|11:36:15|GMT+0800

[info] Log at : 2025/7/24|13:11:17|GMT+0800

[info] Log at : 2025/7/24|13:25:28|GMT+0800

[info] Log at : 2025/7/24|13:26:32|GMT+0800

[info] Log at : 2025/7/24|13:26:52|GMT+0800

[info] Log at : 2025/7/24|13:26:56|GMT+0800

[info] Log at : 2025/7/24|15:10:19|GMT+0800

[info] Log at : 2025/7/24|15:10:44|GMT+0800

[info] Log at : 2025/7/24|15:10:47|GMT+0800

[info] Log at : 2025/7/24|16:00:16|GMT+0800

[info] Log at : 2025/7/24|16:00:19|GMT+0800

[info] Log at : 2025/7/24|16:27:14|GMT+0800

[info] Log at : 2025/7/25|08:43:53|GMT+0800

[info] Log at : 2025/7/25|08:49:09|GMT+0800

[info] Log at : 2025/7/25|08:55:44|GMT+0800

[info] Log at : 2025/7/25|08:56:43|GMT+0800

[info] Log at : 2025/7/25|08:56:46|GMT+0800

[info] Log at : 2025/7/25|08:59:29|GMT+0800

[info] Log at : 2025/7/25|09:01:37|GMT+0800

[info] Log at : 2025/7/25|09:02:28|GMT+0800

[info] Log at : 2025/7/25|09:02:30|GMT+0800

[info] Log at : 2025/7/25|09:04:35|GMT+0800

[info] Log at : 2025/7/25|09:04:53|GMT+0800

[SyntaxError: Unexpected end of JSON input
	at JSON.parse (<anonymous>)
	at F.updateCppProperties (c:\Users\garaw\.vscode\extensions\cl.keil-assistant-1.7.0\dist\extension.js:1:10849)
	at F.<anonymous> (c:\Users\garaw\.vscode\extensions\cl.keil-assistant-1.7.0\dist\extension.js:1:12579)
	at Generator.next (<anonymous>)
	at c:\Users\garaw\.vscode\extensions\cl.keil-assistant-1.7.0\dist\extension.js:1:4480
	at new Promise (<anonymous>)
	at r (c:\Users\garaw\.vscode\extensions\cl.keil-assistant-1.7.0\dist\extension.js:1:4225)
	at F.load (c:\Users\garaw\.vscode\extensions\cl.keil-assistant-1.7.0\dist\extension.js:1:11310)
	at w.<anonymous> (c:\Users\garaw\.vscode\extensions\cl.keil-assistant-1.7.0\dist\extension.js:1:8737)
	at Generator.next (<anonymous>)
	at a (c:\Users\garaw\.vscode\extensions\cl.keil-assistant-1.7.0\dist\extension.js:1:4282)]
[info] Log at : 2025/7/25|09:10:15|GMT+0800

[info] Log at : 2025/7/25|09:10:31|GMT+0800

[info] Log at : 2025/7/25|09:10:33|GMT+0800

[info] Log at : 2025/7/25|09:38:20|GMT+0800

[info] Log at : 2025/7/25|10:41:19|GMT+0800

[info] Log at : 2025/7/25|11:22:21|GMT+0800

[info] Log at : 2025/7/25|11:22:25|GMT+0800

[info] Log at : 2025/7/25|11:27:46|GMT+0800

[info] Log at : 2025/7/25|13:07:25|GMT+0800

[info] Log at : 2025/7/25|13:10:30|GMT+0800

[info] Log at : 2025/7/25|13:10:33|GMT+0800

[info] Log at : 2025/7/25|15:15:45|GMT+0800

[info] Log at : 2025/7/25|15:15:56|GMT+0800

[info] Log at : 2025/7/25|15:16:13|GMT+0800

[info] Log at : 2025/7/25|15:21:21|GMT+0800

[info] Log at : 2025/7/25|15:21:24|GMT+0800

[info] Log at : 2025/7/25|16:46:36|GMT+0800

[info] Log at : 2025/7/25|16:49:28|GMT+0800

[info] Log at : 2025/7/25|16:49:30|GMT+0800

[info] Log at : 2025/7/25|16:54:35|GMT+0800

[info] Log at : 2025/7/26|14:47:23|GMT+0800

[info] Log at : 2025/7/27|14:29:32|GMT+0800

[info] Log at : 2025/7/27|14:35:14|GMT+0800

[info] Log at : 2025/7/27|14:59:26|GMT+0800

[info] Log at : 2025/7/27|15:04:18|GMT+0800

[info] Log at : 2025/7/27|15:04:20|GMT+0800

