*** Using Compiler 'V5.06 update 7 (build 960)', folder: 'C:\Gara\MDK542\ARM\ARMCC\Bin'
Rebuild target 'Car'
compiling stm32f10x_dma.c...
assembling startup_stm32f10x_hd.s...
compiling misc.c...
compiling stm32f10x_can.c...
compiling stm32f10x_crc.c...
compiling core_cm3.c...
compiling stm32f10x_it.c...
compiling stm32f10x_dbgmcu.c...
compiling stm32f10x_bkp.c...
compiling system_stm32f10x.c...
compiling stm32f10x_dac.c...
compiling stm32f10x_adc.c...
compiling stm32f10x_exti.c...
compiling stm32f10x_cec.c...
compiling angle.c...
compiling main.c...
compiling stm32f10x_gpio.c...
compiling stm32f10x_fsmc.c...
compiling stm32f10x_flash.c...
compiling stm32f10x_i2c.c...
compiling stm32f10x_iwdg.c...
compiling stm32f10x_pwr.c...
compiling stm32f10x_rcc.c...
compiling stm32f10x_spi.c...
compiling stm32f10x_rtc.c...
compiling stm32f10x_sdio.c...
compiling stm32f10x_usart.c...
compiling stm32f10x_wwdg.c...
compiling delay.c...
compiling bsp.c...
compiling stm32f10x_tim.c...
compiling usart.c...
compiling bsp_battery.c...
compiling encoder.c...
compiling IOI2C.c...
compiling motor.c...
compiling inv_mpu_dmp_motion_driver.c...
compiling mpu6050.c...
..\BSP\MPU6050\mpu6050.c(631): warning:  #940-D: missing return statement at end of non-void function "MPU6050_getDate" 
  }
..\BSP\MPU6050\mpu6050.c(569): warning:  #550-D: variable "gyro_z"  was set but never used
  	float gyro_x,gyro_y,gyro_z,accel_x,accel_y,accel_z;
..\BSP\MPU6050\mpu6050.c: 2 warnings, 0 errors
compiling inv_mpu.c...
linking...
Program Size: Code=33324 RO-data=4164 RW-data=248 ZI-data=1904  
FromELF: creating hex file...
"..\OBJ\Car.axf" - 0 Error(s), 2 Warning(s).
Build Time Elapsed:  00:00:02
